<?xml version="1.0" encoding="UTF-8"?>
<testng-results ignored="0" total="1" passed="0" failed="1" skipped="0">
  <reporter-output>
  </reporter-output>
  <suite started-at="2024-03-27T06:47:33Z" name="Default suite" finished-at="2024-03-27T06:49:25Z" duration-ms="112145">
    <groups>
    </groups>
    <test started-at="2024-03-27T06:47:33Z" name="Default test" finished-at="2024-03-27T06:49:25Z" duration-ms="112145">
      <class name="SpicePart_A.spicePartB_Payment">
        <test-method signature="run()[pri:0, instance:SpicePart_A.spicePartB_Payment@5d12a356]" started-at="2024-03-26T23:47:33Z" name="run" finished-at="2024-03-26T23:49:25Z" duration-ms="112128" status="FAIL">
          <exception class="org.sikuli.script.FindFailed">
            <message>
              <![CDATA[\\14.140.167.188\Vakilsearch\Automation_Documents\Add_extension.png: (132x49) in R[0,0 1920x1080]@S(0)]]>
            </message>
            <full-stacktrace>
              <![CDATA[FindFailed: \\14.140.167.188\Vakilsearch\Automation_Documents\Add_extension.png: (132x49) in R[0,0 1920x1080]@S(0)
  Line 2226, in file Region.java

	at org.sikuli.script.Region.wait(Region.java:2226)
	at SpicePart_A.spicePartB_Payment.run(spicePartB_Payment.java:82)
	at java.base/jdk.internal.reflect.NativeMethodAccessorImpl.invoke0(Native Method)
	at java.base/jdk.internal.reflect.NativeMethodAccessorImpl.invoke(NativeMethodAccessorImpl.java:77)
	at java.base/jdk.internal.reflect.DelegatingMethodAccessorImpl.invoke(DelegatingMethodAccessorImpl.java:43)
	at java.base/java.lang.reflect.Method.invoke(Method.java:568)
	at org.testng.internal.MethodInvocationHelper.invokeMethod(MethodInvocationHelper.java:104)
	at org.testng.internal.Invoker.invokeMethod(Invoker.java:645)
	at org.testng.internal.Invoker.invokeTestMethod(Invoker.java:851)
	at org.testng.internal.Invoker.invokeTestMethods(Invoker.java:1177)
	at org.testng.internal.TestMethodWorker.invokeTestMethods(TestMethodWorker.java:129)
	at org.testng.internal.TestMethodWorker.run(TestMethodWorker.java:112)
	at org.testng.TestRunner.privateRun(TestRunner.java:756)
	at org.testng.TestRunner.run(TestRunner.java:610)
	at org.testng.SuiteRunner.runTest(SuiteRunner.java:387)
	at org.testng.SuiteRunner.runSequentially(SuiteRunner.java:382)
	at org.testng.SuiteRunner.privateRun(SuiteRunner.java:340)
	at org.testng.SuiteRunner.run(SuiteRunner.java:289)
	at org.testng.SuiteRunnerWorker.runSuite(SuiteRunnerWorker.java:52)
	at org.testng.SuiteRunnerWorker.run(SuiteRunnerWorker.java:86)
	at org.testng.TestNG.runSuitesSequentially(TestNG.java:1293)
	at org.testng.TestNG.runSuitesLocally(TestNG.java:1218)
	at org.testng.TestNG.runSuites(TestNG.java:1133)
	at org.testng.TestNG.run(TestNG.java:1104)
	at org.testng.remote.AbstractRemoteTestNG.run(AbstractRemoteTestNG.java:115)
	at org.testng.remote.RemoteTestNG.initAndRun(RemoteTestNG.java:251)
	at org.testng.remote.RemoteTestNG.main(RemoteTestNG.java:77)
]]>
            </full-stacktrace>
          </exception> <!-- org.sikuli.script.FindFailed -->
          <reporter-output>
          </reporter-output>
        </test-method> <!-- run -->
      </class> <!-- SpicePart_A.spicePartB_Payment -->
    </test> <!-- Default test -->
  </suite> <!-- Default suite -->
</testng-results>
